c:\users\pramitha jayasooriya\desktop\original cms\canteen management system\canteen management system\canteen management system\x64\debug\vc143.pdb
c:\users\pramitha jayasooriya\desktop\original cms\canteen management system\canteen management system\canteen management system\x64\debug\vc143.idb
c:\users\pramitha jayasooriya\desktop\original cms\canteen management system\canteen management system\canteen management system\x64\debug\canteen management system.obj
c:\users\pramitha jayasooriya\desktop\3892_3895_3990_canteen managment system\canteen management system\x64\debug\vc143.pdb
c:\users\pramitha jayasooriya\desktop\3892_3895_3990_canteen managment system\canteen management system\x64\debug\vc143.idb
c:\users\pramitha jayasooriya\desktop\3892_3895_3990_canteen managment system\canteen management system\x64\debug\canteen management system.obj
c:\users\pramitha jayasooriya\desktop\3892_3895_3990_canteen management system\canteen management system\x64\debug\vc143.pdb
c:\users\pramitha jayasooriya\desktop\3892_3895_3990_canteen management system\canteen management system\x64\debug\vc143.idb
c:\users\pramitha jayasooriya\desktop\3892_3895_3990_canteen management system\canteen management system\x64\debug\canteen management system.obj
c:\users\pramitha jayasooriya\desktop\8.2 cms\canteen management system\x64\debug\vc143.pdb
c:\users\pramitha jayasooriya\desktop\8.2 cms\canteen management system\x64\debug\vc143.idb
c:\users\pramitha jayasooriya\desktop\8.2 cms\canteen management system\x64\debug\canteen management system.obj
c:\users\pramitha jayasooriya\desktop\original cms\canteen management system\canteen management system\x64\debug\canteen management system.exe
c:\users\pramitha jayasooriya\desktop\original cms\canteen management system\canteen management system\canteen management system\x64\debug\canteen management system.ilk
c:\users\pramitha jayasooriya\desktop\original cms\canteen management system\canteen management system\x64\debug\canteen management system.pdb
c:\users\pramitha jayasooriya\desktop\3892_3895_3990_canteen managment system\x64\debug\canteen management system.exe
c:\users\pramitha jayasooriya\desktop\3892_3895_3990_canteen managment system\canteen management system\x64\debug\canteen management system.ilk
c:\users\pramitha jayasooriya\desktop\3892_3895_3990_canteen managment system\x64\debug\canteen management system.pdb
c:\users\pramitha jayasooriya\desktop\3892_3895_3990_canteen management system\x64\debug\canteen management system.exe
c:\users\pramitha jayasooriya\desktop\3892_3895_3990_canteen management system\canteen management system\x64\debug\canteen management system.ilk
c:\users\pramitha jayasooriya\desktop\3892_3895_3990_canteen management system\x64\debug\canteen management system.pdb
c:\users\pramitha jayasooriya\desktop\8.2 cms\x64\debug\canteen management system.exe
c:\users\pramitha jayasooriya\desktop\8.2 cms\canteen management system\x64\debug\canteen management system.ilk
c:\users\pramitha jayasooriya\desktop\8.2 cms\x64\debug\canteen management system.pdb
c:\users\pramitha jayasooriya\desktop\8.2 cms\canteen management system\x64\debug\canteen .97d5c752.tlog\cl.command.1.tlog
c:\users\pramitha jayasooriya\desktop\8.2 cms\canteen management system\x64\debug\canteen .97d5c752.tlog\cl.read.1.tlog
c:\users\pramitha jayasooriya\desktop\8.2 cms\canteen management system\x64\debug\canteen .97d5c752.tlog\cl.write.1.tlog
c:\users\pramitha jayasooriya\desktop\8.2 cms\canteen management system\x64\debug\canteen .97d5c752.tlog\link.command.1.tlog
c:\users\pramitha jayasooriya\desktop\8.2 cms\canteen management system\x64\debug\canteen .97d5c752.tlog\link.read.1.tlog
c:\users\pramitha jayasooriya\desktop\8.2 cms\canteen management system\x64\debug\canteen .97d5c752.tlog\link.write.1.tlog
